<?xml version="1.0" encoding="UTF-8"?>
<!-- Generated by org.testng.reporters.JUnitReportReporter -->
<testsuite hostname="DESKTOP-HCVDGHA" failures="0" tests="1" name="CentralReports.MultiStockTransfer.DataDriven" time="4.638" errors="0" timestamp="2022-12-12T11:46:58 IST" skipped="0">
  <testcase classname="CentralReports.MultiStockTransfer.DataDriven" name="Loginfromdatadriven" time="4.638"/>
  <system-out/>
</testsuite> <!-- CentralReports.MultiStockTransfer.DataDriven -->
