<?xml version="1.0" encoding="UTF-8"?>
<!-- Generated by org.testng.reporters.JUnitReportReporter -->
<testsuite hostname="DESKTOP-HCVDGHA" failures="0" tests="1" name="CentralReports.MultiStockTransfer.ReportsTest" time="10.879" errors="0" timestamp="2023-02-17T13:15:28 IST" skipped="0">
  <testcase classname="CentralReports.MultiStockTransfer.ReportsTest" name="Reports" time="10.879"/>
  <system-out/>
</testsuite> <!-- CentralReports.MultiStockTransfer.ReportsTest -->
