<?xml version="1.0" encoding="UTF-8"?>
<!-- Generated by org.testng.reporters.JUnitReportReporter -->
<testsuite hostname="DESKTOP-HCVDGHA" failures="0" tests="1" name="CentralReports.MultiStockTransfer.MultiStock" time="11.570" errors="0" timestamp="2022-08-17T18:34:06 IST" skipped="0">
  <testcase classname="CentralReports.MultiStockTransfer.MultiStock" name="Select" time="11.570"/>
  <system-out/>
</testsuite> <!-- CentralReports.MultiStockTransfer.MultiStock -->
